[+] Containers:
 |- [+] Container: /Game/FirstPerson/Maps/FirstPersonMap
 |   |- [+] ActorDescs:
 |   |   |- Guid:0482E0744625192B32AFA882C0C1417D BaseClass: NativeClass:/Script/Engine.StaticMeshActor Name:StaticMeshActor_6 Label:SM_ChamferCube3 SpatiallyLoaded:1 Bounds:IsValid=true, Min=(X=2097.548 Y=-2012.452 Z=2560.063), Max=(X=2302.452 Y=-1807.548 Z=2710.063) RuntimeGrid:None EditorOnly:0 RuntimeOnly:0 HLODRelevant:0 FolderPath:SimulatedCubes FolderGuid:3E37B3AC41F495FF33672D878D9DD948
 |   |   |- Guid:0635C40649DD1B5B6E64B9B392558833 BaseClass: NativeClass:/Script/Engine.StaticMeshActor Name:StaticMeshActor_33 Label:SM_ChamferCube8 SpatiallyLoaded:1 Bounds:IsValid=true, Min=(X=1363.116 Y=563.116 Z=1640.063), Max=(X=1536.884 Y=736.884 Z=1790.063) RuntimeGrid:None EditorOnly:0 RuntimeOnly:0 HLODRelevant:0 FolderPath:SimulatedCubes FolderGuid:3E37B3AC41F495FF33672D878D9DD948
 |   |   |- Guid:09D09F0E47E479EEB812029DAF672204 BaseClass: NativeClass:/Script/Engine.StaticMeshActor Name:StaticMeshActor_46 Label:SM_ChamferCube18 SpatiallyLoaded:1 Bounds:IsValid=true, Min=(X=913.798 Y=128.520 Z=2000.013), Max=(X=1041.969 Y=256.691 Z=2100.013) RuntimeGrid:None EditorOnly:0 RuntimeOnly:0 HLODRelevant:0 FolderPath:SimulatedCubes FolderGuid:3E37B3AC41F495FF33672D878D9DD948
 |   |   |- Guid:16ED739D4160B0315F9149963D1D3D52 BaseClass: NativeClass:/Script/Engine.StaticMeshActor Name:StaticMeshActor_5 Label:SM_Ramp2 SpatiallyLoaded:1 Bounds:IsValid=true, Min=(X=307.701 Y=680.000 Z=1562.219), Max=(X=717.881 Y=1115.365 Z=1840.037) RuntimeGrid:None EditorOnly:0 RuntimeOnly:0 HLODRelevant:1 FolderPath:Block01 FolderGuid:3EF5C57D40A467440F5F0D9398D8AC70
 |   |   |- Guid:1AD0648D47C79CDBBFC4B889BA3235AD BaseClass: NativeClass:/Script/Engine.StaticMeshActor Name:StaticMeshActor_21 Label:SM_QuarterCylinder12 SpatiallyLoaded:1 Bounds:IsValid=true, Min=(X=2100.000 Y=780.000 Z=1640.000), Max=(X=2300.000 Y=980.000 Z=1840.000) RuntimeGrid:None EditorOnly:0 RuntimeOnly:0 HLODRelevant:1 FolderPath:Cylinder FolderGuid:D6369CCE49EF0A8CFA563EB18825ED72
 |   |   |- Guid:1CD14D1E44FFA7007DC1E9AB5E5D7500 BaseClass:/Game/Blueprints/BP_AICharacter.BP_AICharacter_C NativeClass:/Script/MSc_Game.AICharacter Name:BP_AICharacter_C_UAID_A036BCA832662F8301_1619395769 Label:BP_AICharacter4 SpatiallyLoaded:1 Bounds:IsValid=true, Min=(X=-1131.123 Y=-732.500 Z=1462.000), Max=(X=-899.000 Y=-232.500 Z=1962.000) RuntimeGrid:None EditorOnly:0 RuntimeOnly:0 HLODRelevant:0 FolderPath:Characters FolderGuid:389DF15748D6FB6FECD80D8631A106FA
 |   |   |- Guid:22C4F1724348A3818BBA0A939CA01B63 BaseClass: NativeClass:/Script/Engine.WorldDataLayers Name:WorldDataLayers Label:WorldDataLayers-1 SpatiallyLoaded:0 Bounds:IsValid=true, Min=(X=0.000 Y=0.000 Z=0.000), Max=(X=0.000 Y=0.000 Z=0.000) RuntimeGrid:None EditorOnly:0 RuntimeOnly:0 HLODRelevant:0
 |   |   |- Guid:266836F144FA2767EA2991A084FC7C51 BaseClass: NativeClass:/Script/Engine.StaticMeshActor Name:StaticMeshActor_8 Label:SM_Cube6 SpatiallyLoaded:1 Bounds:IsValid=true, Min=(X=6470.000 Y=-3020.000 Z=1640.000), Max=(X=6570.000 Y=1380.000 Z=2040.000) RuntimeGrid:None EditorOnly:0 RuntimeOnly:0 HLODRelevant:1 FolderPath:Playground FolderGuid:CDC3EA2D424DF73175D386948543BF31
 |   |   |- Guid:27E6C605415908F1A2EE54974FAF1E36 BaseClass: NativeClass:/Script/Engine.StaticMeshActor Name:StaticMeshActor_11 Label:SM_Ramp3 SpatiallyLoaded:1 Bounds:IsValid=true, Min=(X=1825.000 Y=-1760.000 Z=1672.541), Max=(X=2236.288 Y=-1560.000 Z=1840.481) RuntimeGrid:None EditorOnly:0 RuntimeOnly:0 HLODRelevant:1 FolderPath:Block01 FolderGuid:3EF5C57D40A467440F5F0D9398D8AC70
 |   |   |- Guid:2ECB057E4FFD85FC34ADB0A59CFAF9F9 BaseClass:/Game/Blueprints/BP_AICharacter.BP_AICharacter_C NativeClass:/Script/MSc_Game.AICharacter Name:BP_AICharacter_C_UAID_A036BCA832666F7801_2076381415 Label:BP_AICharacter SpatiallyLoaded:1 Bounds:IsValid=true, Min=(X=4008.451 Y=-1027.785 Z=1462.000), Max=(X=4253.018 Y=-557.255 Z=1962.000) RuntimeGrid:None EditorOnly:0 RuntimeOnly:0 HLODRelevant:0 FolderPath:Characters FolderGuid:389DF15748D6FB6FECD80D8631A106FA
 |   |   |- Guid:36DA8D2C4B2585DD71BFF583CFB51CFA BaseClass: NativeClass:/Script/Engine.TextRenderActor Name:TextRenderActor_0 Label:MSc Dissertation 2023 SpatiallyLoaded:1 Bounds:IsValid=true, Min=(X=849.900 Y=-2340.000 Z=2470.013), Max=(X=2234.515 Y=-2340.000 Z=2770.013) RuntimeGrid:None EditorOnly:0 RuntimeOnly:0 HLODRelevant:0
 |   |   |- Guid:39E992554188A2F7407AA2AF65BFB1EB BaseClass:/Engine/EngineSky/BP_Sky_Sphere.BP_Sky_Sphere_C NativeClass:/Script/Engine.Actor Name:BP_Sky_Sphere_C_UAID_C85B76DFB41EED6301_2028591416 Label:BP_Sky_Sphere2 SpatiallyLoaded:0 Bounds:IsValid=true, Min=(X=-1637110.000 Y=-1635960.000 Z=-1638400.000), Max=(X=1639690.000 Y=1640840.000 Z=1638400.000) RuntimeGrid:None EditorOnly:0 RuntimeOnly:0 HLODRelevant:0
 |   |   |- Guid:3AE20ADB41F450F1E99EA7A1B45D4E6F BaseClass: NativeClass:/Script/Engine.StaticMeshActor Name:StaticMeshActor_40 Label:SM_ChamferCube13 SpatiallyLoaded:1 Bounds:IsValid=true, Min=(X=440.297 Y=-1165.432 Z=2560.013), Max=(X=581.180 Y=-1024.549 Z=2660.013) RuntimeGrid:None EditorOnly:0 RuntimeOnly:0 HLODRelevant:0 FolderPath:SimulatedCubes FolderGuid:3E37B3AC41F495FF33672D878D9DD948
 |   |   |- Guid:3E03AECD492F372DF0EF1FA189C1DEDA BaseClass: NativeClass:/Script/Engine.StaticMeshActor Name:StaticMeshActor_12 Label:SM_Cube10 SpatiallyLoaded:1 Bounds:IsValid=true, Min=(X=1745.000 Y=-1760.000 Z=1740.000), Max=(X=1845.000 Y=-1560.000 Z=1840.000) RuntimeGrid:None EditorOnly:0 RuntimeOnly:0 HLODRelevant:1 FolderPath:Block01 FolderGuid:3EF5C57D40A467440F5F0D9398D8AC70
 |   |   |- Guid:416210044F8807AE27B83CAA205F302F BaseClass: NativeClass:/Script/Engine.StaticMeshActor Name:StaticMeshActor_29 Label:SM_Cube15 SpatiallyLoaded:1 Bounds:IsValid=true, Min=(X=1800.000 Y=-480.000 Z=1650.000), Max=(X=2900.000 Y=-180.000 Z=1850.000) RuntimeGrid:None EditorOnly:0 RuntimeOnly:0 HLODRelevant:1 FolderPath:Block02 FolderGuid:DEBAF5964E47F6C0EEA7BB9F700AB405
 |   |   |- Guid:44F8F21D453B2046F1D986AD81798F12 BaseClass: NativeClass:/Script/Engine.StaticMeshActor Name:StaticMeshActor_41 Label:SM_ChamferCube14 SpatiallyLoaded:1 Bounds:IsValid=true, Min=(X=1850.411 Y=-1157.629 Z=2510.013), Max=(X=1950.411 Y=-1057.629 Z=2610.013) RuntimeGrid:None EditorOnly:0 RuntimeOnly:0 HLODRelevant:0 FolderPath:SimulatedCubes FolderGuid:3E37B3AC41F495FF33672D878D9DD948
 |   |   |- Guid:4DE3CD2F48B4038CA629008DF7804DA4 BaseClass: NativeClass:/Script/Engine.StaticMeshActor Name:StaticMeshActor_18 Label:SM_QuarterCylinder5 SpatiallyLoaded:1 Bounds:IsValid=true, Min=(X=483.397 Y=-440.000 Z=1640.000), Max=(X=620.000 Y=-303.397 Z=1840.000) RuntimeGrid:None EditorOnly:0 RuntimeOnly:0 HLODRelevant:1 FolderPath:Block03 FolderGuid:EED76D7B47CF3E1440F359A1FAC3309E
 |   |   |- Guid:4F78E4BA454FB687A2B628B48C3FB677 BaseClass:/Game/Blueprints/BP_AICharacter.BP_AICharacter_C NativeClass:/Script/MSc_Game.AICharacter Name:BP_AICharacter_C_UAID_A036BCA832662F8301_1599930767 Label:BP_AICharacter2 SpatiallyLoaded:1 Bounds:IsValid=true, Min=(X=2534.909 Y=682.451 Z=1462.000), Max=(X=2968.921 Y=962.110 Z=1962.000) RuntimeGrid:None EditorOnly:0 RuntimeOnly:0 HLODRelevant:0 FolderPath:Characters FolderGuid:389DF15748D6FB6FECD80D8631A106FA
 |   |   |- Guid:527D284745AD1A6E7FC0D2A8D77F2C20 BaseClass:/Game/Blueprints/BP_AICharacter.BP_AICharacter_C NativeClass:/Script/MSc_Game.AICharacter Name:BP_AICharacter_C_UAID_A036BCA832662F8301_1656968770 Label:BP_AICharacter5 SpatiallyLoaded:1 Bounds:IsValid=true, Min=(X=2657.255 Y=-998.924 Z=1462.000), Max=(X=2899.277 Y=-506.173 Z=1962.000) RuntimeGrid:None EditorOnly:0 RuntimeOnly:0 HLODRelevant:0 FolderPath:Characters FolderGuid:389DF15748D6FB6FECD80D8631A106FA
 |   |   |- Guid:52E74DF94E9EECAF9464C1BCB5227CCC BaseClass: NativeClass:/Script/Engine.StaticMeshActor Name:StaticMeshActor_3 Label:SM_Cube3 SpatiallyLoaded:1 Bounds:IsValid=true, Min=(X=-2820.000 Y=1290.000 Z=1660.000), Max=(X=6580.000 Y=1390.000 Z=2060.000) RuntimeGrid:None EditorOnly:0 RuntimeOnly:0 HLODRelevant:1 FolderPath:Playground FolderGuid:CDC3EA2D424DF73175D386948543BF31
 |   |   |- Guid:63A84EA944945A8BF01D4A94FDD5C8E4 BaseClass: NativeClass:/Script/Engine.StaticMeshActor Name:StaticMeshActor_10 Label:SM_Cube9 SpatiallyLoaded:1 Bounds:IsValid=true, Min=(X=3011.000 Y=-1760.000 Z=1613.054), Max=(X=3711.447 Y=-1560.000 Z=1902.126) RuntimeGrid:None EditorOnly:0 RuntimeOnly:0 HLODRelevant:1 FolderPath:Block01 FolderGuid:3EF5C57D40A467440F5F0D9398D8AC70
 |   |   |- Guid:67AF28334B1DECF39B2B08AC61E95805 BaseClass: NativeClass:/Script/Engine.StaticMeshActor Name:StaticMeshActor_32 Label:SM_Cube16 SpatiallyLoaded:1 Bounds:IsValid=true, Min=(X=1700.000 Y=-380.000 Z=1650.000), Max=(X=1800.000 Y=-280.000 Z=1850.000) RuntimeGrid:None EditorOnly:0 RuntimeOnly:0 HLODRelevant:1 FolderPath:Block02 FolderGuid:DEBAF5964E47F6C0EEA7BB9F700AB405
 |   |   |- Guid:68414E884A2DFD77B973679D4D7B7DC8 BaseClass: NativeClass:/Script/Foliage.InstancedFoliageActor Name:InstancedFoliageActor_25600_0_0_0 Label:InstancedFoliageActor_0_0_0 SpatiallyLoaded:1 Bounds:IsValid=true, Min=(X=0.000 Y=0.000 Z=0.000), Max=(X=25600.000 Y=25600.000 Z=25600.000) RuntimeGrid:None EditorOnly:0 RuntimeOnly:0 HLODRelevant:1
 |   |   |- Guid:6BA9F8ED462024EB6CFFB38740F530B7 BaseClass: NativeClass:/Script/Engine.StaticMeshActor Name:StaticMeshActor_35 Label:SM_Ramp5 SpatiallyLoaded:1 Bounds:IsValid=true, Min=(X=1800.000 Y=-180.000 Z=1650.000), Max=(X=2900.000 Y=-80.000 Z=1850.000) RuntimeGrid:None EditorOnly:0 RuntimeOnly:0 HLODRelevant:1 FolderPath:Block02 FolderGuid:DEBAF5964E47F6C0EEA7BB9F700AB405
 |   |   |- Guid:7254C3414876BF4F9B9A42A6CA10EB17 BaseClass: NativeClass:/Script/Engine.StaticMeshActor Name:StaticMeshActor_28 Label:SM_Cube14 SpatiallyLoaded:1 Bounds:IsValid=true, Min=(X=650.000 Y=-700.000 Z=1640.000), Max=(X=750.000 Y=-600.000 Z=1840.000) RuntimeGrid:None EditorOnly:0 RuntimeOnly:0 HLODRelevant:1 FolderPath:Block03 FolderGuid:EED76D7B47CF3E1440F359A1FAC3309E
 |   |   |- Guid:75854521468783C291995A8EFCB63F1B BaseClass: NativeClass:/Script/Engine.StaticMeshActor Name:StaticMeshActor_7 Label:SM_Cube5 SpatiallyLoaded:1 Bounds:IsValid=true, Min=(X=-2830.000 Y=-2930.000 Z=1640.000), Max=(X=-2730.000 Y=1390.000 Z=2040.000) RuntimeGrid:None EditorOnly:0 RuntimeOnly:0 HLODRelevant:1 FolderPath:Playground FolderGuid:CDC3EA2D424DF73175D386948543BF31
 |   |   |- Guid:79599D7C4FAEDB9F068EA3B957603F53 BaseClass: NativeClass:/Script/Engine.StaticMeshActor Name:StaticMeshActor_31 Label:SM_QuarterCylinder10 SpatiallyLoaded:1 Bounds:IsValid=true, Min=(X=1700.000 Y=-280.000 Z=1650.000), Max=(X=1800.000 Y=-180.000 Z=1850.000) RuntimeGrid:None EditorOnly:0 RuntimeOnly:0 HLODRelevant:1 FolderPath:Block02 FolderGuid:DEBAF5964E47F6C0EEA7BB9F700AB405
 |   |   |- Guid:7A699BF944F9DAC273FB4FAD2236D7F8 BaseClass: NativeClass:/Script/Engine.SkyLight Name:SkyLight_0 Label:SkyLight SpatiallyLoaded:0 Bounds:IsValid=true, Min=(X=0.000 Y=0.000 Z=690.000), Max=(X=0.000 Y=0.000 Z=690.000) RuntimeGrid:None EditorOnly:0 RuntimeOnly:0 HLODRelevant:0 FolderPath:Lighting FolderGuid:D9E1224C415FCB205E4105B3245ADAAB
 |   |   |- Guid:873FD2CB464600B86580D4A27C04C81A BaseClass: NativeClass:/Script/Engine.LevelInstance Name:LevelInstance_UAID_C85B76DFB41E974C01_1652477991 Label:Firststage SpatiallyLoaded:1 Bounds:IsValid=true, Min=(X=-7530.000 Y=-6380.000 Z=-5410.000), Max=(X=10908.820 Y=11260.000 Z=5757.140) RuntimeGrid:None EditorOnly:0 RuntimeOnly:0 HLODRelevant:0
 |   |   |- Guid:87860DF442DA4E34C9A49FAC81C9C2BF BaseClass: NativeClass:/Script/Foliage.InstancedFoliageActor Name:InstancedFoliageActor_25600_0_-1_0 Label:InstancedFoliageActor_0_-1_0 SpatiallyLoaded:1 Bounds:IsValid=true, Min=(X=0.000 Y=-25600.000 Z=0.000), Max=(X=25600.000 Y=0.000 Z=25600.000) RuntimeGrid:None EditorOnly:0 RuntimeOnly:0 HLODRelevant:1
 |   |   |- Guid:88D1957648249294C60E2F98A5BA851A BaseClass: NativeClass:/Script/Engine.StaticMeshActor Name:StaticMeshActor_36 Label:SM_ChamferCube9 SpatiallyLoaded:1 Bounds:IsValid=true, Min=(X=1631.292 Y=329.199 Z=2030.013), Max=(X=1767.894 Y=465.801 Z=2130.013) RuntimeGrid:None EditorOnly:0 RuntimeOnly:0 HLODRelevant:0 FolderPath:SimulatedCubes FolderGuid:3E37B3AC41F495FF33672D878D9DD948
 |   |   |- Guid:89BD2B584901CC36ABEF55B6F6BB2F67 BaseClass: NativeClass:/Script/Engine.StaticMeshActor Name:StaticMeshActor_27 Label:SM_QuarterCylinder8 SpatiallyLoaded:1 Bounds:IsValid=true, Min=(X=615.721 Y=-430.000 Z=1640.000), Max=(X=756.604 Y=-289.117 Z=1840.000) RuntimeGrid:None EditorOnly:0 RuntimeOnly:0 HLODRelevant:1 FolderPath:Block03 FolderGuid:EED76D7B47CF3E1440F359A1FAC3309E
 |   |   |- Guid:8DB6E7264339F17149C350BAAAD12B37 BaseClass: NativeClass:/Script/Engine.StaticMeshActor Name:StaticMeshActor_13 Label:SM_Cube11 SpatiallyLoaded:1 Bounds:IsValid=true, Min=(X=227.164 Y=230.000 Z=1640.000), Max=(X=879.627 Y=845.486 Z=1840.000) RuntimeGrid:None EditorOnly:0 RuntimeOnly:0 HLODRelevant:1 FolderPath:Block03 FolderGuid:EED76D7B47CF3E1440F359A1FAC3309E
 |   |   |- Guid:8DC9085B48888A70B9B853B915B851AF BaseClass: NativeClass:/Script/Engine.StaticMeshActor Name:StaticMeshActor_26 Label:SM_QuarterCylinder7 SpatiallyLoaded:1 Bounds:IsValid=true, Min=(X=755.798 Y=-460.000 Z=1640.000), Max=(X=883.969 Y=-331.829 Z=1840.000) RuntimeGrid:None EditorOnly:0 RuntimeOnly:0 HLODRelevant:1 FolderPath:Block03 FolderGuid:EED76D7B47CF3E1440F359A1FAC3309E
 |   |   |- Guid:8EA8A3864CB9694DA428199AC421B524 BaseClass: NativeClass:/Script/Engine.StaticMeshActor Name:StaticMeshActor_20 Label:SM_QuarterCylinder11 SpatiallyLoaded:1 Bounds:IsValid=true, Min=(X=2100.000 Y=780.000 Z=1840.000), Max=(X=2300.000 Y=980.000 Z=2040.000) RuntimeGrid:None EditorOnly:0 RuntimeOnly:0 HLODRelevant:1 FolderPath:Cylinder FolderGuid:D6369CCE49EF0A8CFA563EB18825ED72
 |   |   |- Guid:8F1CB2D344FBCA46B23C6594C8F43B92 BaseClass: NativeClass:/Script/Engine.StaticMeshActor Name:StaticMeshActor_39 Label:SM_ChamferCube12 SpatiallyLoaded:1 Bounds:IsValid=true, Min=(X=1134.335 Y=-944.000 Z=2440.013), Max=(X=1275.218 Y=-803.116 Z=2540.013) RuntimeGrid:None EditorOnly:0 RuntimeOnly:0 HLODRelevant:0 FolderPath:SimulatedCubes FolderGuid:3E37B3AC41F495FF33672D878D9DD948
 |   |   |- Guid:902408B24403A7B3DA2315996494FA34 BaseClass: NativeClass:/Script/Engine.StaticMeshActor Name:StaticMeshActor_42 Label:SM_ChamferCube15 SpatiallyLoaded:1 Bounds:IsValid=true, Min=(X=2420.411 Y=-732.629 Z=2350.013), Max=(X=2520.411 Y=-632.629 Z=2450.013) RuntimeGrid:None EditorOnly:0 RuntimeOnly:0 HLODRelevant:0 FolderPath:SimulatedCubes FolderGuid:3E37B3AC41F495FF33672D878D9DD948
 |   |   |- Guid:97FF78FB4EC8F13EF6751DB180B1CE46 BaseClass: NativeClass:/Script/Engine.DirectionalLight Name:DirectionalLight_0 Label:DirectionalLight SpatiallyLoaded:0 Bounds:IsValid=true, Min=(X=-4398046511104.000 Y=-4398046511104.000 Z=-4398046511104.000), Max=(X=4398046511104.000 Y=4398046511104.000 Z=4398046511104.000) RuntimeGrid:None EditorOnly:0 RuntimeOnly:0 HLODRelevant:0 FolderPath:Lighting FolderGuid:D9E1224C415FCB205E4105B3245ADAAB
 |   |   |- Guid:9A39EDC343C77468C5DF1A8AAB2BE1AD BaseClass: NativeClass:/Script/Engine.StaticMeshActor Name:StaticMeshActor_34 Label:SM_Ramp4 SpatiallyLoaded:1 Bounds:IsValid=true, Min=(X=135.721 Y=-2213.671 Z=1640.000), Max=(X=1042.649 Y=-1430.000 Z=1840.000) RuntimeGrid:None EditorOnly:0 RuntimeOnly:0 HLODRelevant:1 FolderPath:Block04 FolderGuid:1671883140CA233343B73BBD9D365381
 |   |   |- Guid:9B4A79B644F54A33C8FE0CBBA4859949 BaseClass: NativeClass:/Script/Engine.StaticMeshActor Name:StaticMeshActor_4 Label:SM_Cube4 SpatiallyLoaded:1 Bounds:IsValid=true, Min=(X=1745.000 Y=-1560.000 Z=1640.000), Max=(X=2345.000 Y=-1060.000 Z=1840.000) RuntimeGrid:None EditorOnly:0 RuntimeOnly:0 HLODRelevant:1 FolderPath:Block01 FolderGuid:3EF5C57D40A467440F5F0D9398D8AC70
 |   |   |- Guid:9FC0E5A04B5C426BD8398396952183D3 BaseClass: NativeClass:/Script/Engine.StaticMeshActor Name:StaticMeshActor_0 Label:SM_Cube SpatiallyLoaded:1 Bounds:IsValid=true, Min=(X=-2830.000 Y=-3030.000 Z=1590.000), Max=(X=6570.000 Y=1395.000 Z=1640.000) RuntimeGrid:None EditorOnly:0 RuntimeOnly:0 HLODRelevant:1 FolderPath:Playground FolderGuid:CDC3EA2D424DF73175D386948543BF31
 |   |   |- Guid:A47CA35549692063DBDEBFADE3843E16 BaseClass: NativeClass:/Script/Engine.StaticMeshActor Name:StaticMeshActor_38 Label:SM_ChamferCube11 SpatiallyLoaded:1 Bounds:IsValid=true, Min=(X=1812.430 Y=-830.079 Z=2310.013), Max=(X=1953.313 Y=-689.196 Z=2410.013) RuntimeGrid:None EditorOnly:0 RuntimeOnly:0 HLODRelevant:0 FolderPath:SimulatedCubes FolderGuid:3E37B3AC41F495FF33672D878D9DD948
 |   |   |- Guid:A5FCDC664219DC8AAD6D739ADEF9C627 BaseClass: NativeClass:/Script/Engine.PlayerStart Name:PlayerStart_0 Label:PlayerStart SpatiallyLoaded:0 Bounds:IsValid=true, Min=(X=-2320.000 Y=-460.000 Z=1840.013), Max=(X=-2240.000 Y=-380.000 Z=2024.013) RuntimeGrid:None EditorOnly:0 RuntimeOnly:0 HLODRelevant:0
 |   |   |- Guid:A6C6AB114396B4B6AE5CEBB416930A56 BaseClass: NativeClass:/Script/Engine.StaticMeshActor Name:StaticMeshActor_30 Label:SM_QuarterCylinder9 SpatiallyLoaded:1 Bounds:IsValid=true, Min=(X=1700.000 Y=-480.000 Z=1650.000), Max=(X=1800.000 Y=-380.000 Z=1850.000) RuntimeGrid:None EditorOnly:0 RuntimeOnly:0 HLODRelevant:1 FolderPath:Block02 FolderGuid:DEBAF5964E47F6C0EEA7BB9F700AB405
 |   |   |- Guid:B326783D46A6A43F55CCC9AB2A4C1863 BaseClass: NativeClass:/Script/Engine.VolumetricCloud Name:VolumetricCloud_0 Label:VolumetricCloud SpatiallyLoaded:0 Bounds:IsValid=true, Min=(X=0.000 Y=0.000 Z=820.000), Max=(X=0.000 Y=0.000 Z=820.000) RuntimeGrid:None EditorOnly:0 RuntimeOnly:0 HLODRelevant:0 FolderPath:Lighting FolderGuid:D9E1224C415FCB205E4105B3245ADAAB
 |   |   |- Guid:B6F47C254C7BD4D53F5A7BBF28CE9894 BaseClass: NativeClass:/Script/Engine.StaticMeshActor Name:StaticMeshActor_16 Label:SM_Cube12 SpatiallyLoaded:1 Bounds:IsValid=true, Min=(X=1200.000 Y=-1270.000 Z=1640.000), Max=(X=1300.000 Y=-1170.000 Z=1840.000) RuntimeGrid:None EditorOnly:0 RuntimeOnly:0 HLODRelevant:1 FolderPath:Block04 FolderGuid:1671883140CA233343B73BBD9D365381
 |   |   |- Guid:B96D792F49D1781B2CCBC296053DF329 BaseClass: NativeClass:/Script/Engine.StaticMeshActor Name:StaticMeshActor_25 Label:SM_ChamferCube5 SpatiallyLoaded:1 Bounds:IsValid=true, Min=(X=1765.431 Y=-1702.457 Z=2390.063), Max=(X=1976.756 Y=-1491.132 Z=2540.063) RuntimeGrid:None EditorOnly:0 RuntimeOnly:0 HLODRelevant:0 FolderPath:SimulatedCubes FolderGuid:3E37B3AC41F495FF33672D878D9DD948
 |   |   |- Guid:BDEA84604C934642275CFC81EFA1A90E BaseClass: NativeClass:/Script/Engine.StaticMeshActor Name:StaticMeshActor_17 Label:SM_QuarterCylinder4 SpatiallyLoaded:1 Bounds:IsValid=true, Min=(X=496.031 Y=-1028.171 Z=1640.000), Max=(X=624.202 Y=-900.000 Z=1840.000) RuntimeGrid:None EditorOnly:0 RuntimeOnly:0 HLODRelevant:1 FolderPath:Block03 FolderGuid:EED76D7B47CF3E1440F359A1FAC3309E
 |   |   |- Guid:BE62F5D64680549896D15092F34426C1 BaseClass:/Game/Blueprints/BP_AICharacter.BP_AICharacter_C NativeClass:/Script/MSc_Game.AICharacter Name:BP_AICharacter_C_UAID_A036BCA832662F8301_1675169772 Label:BP_AICharacter7 SpatiallyLoaded:1 Bounds:IsValid=true, Min=(X=752.451 Y=-2698.921 Z=1462.000), Max=(X=1032.110 Y=-2264.909 Z=1962.000) RuntimeGrid:None EditorOnly:0 RuntimeOnly:0 HLODRelevant:0 FolderPath:Characters FolderGuid:389DF15748D6FB6FECD80D8631A106FA
 |   |   |- Guid:BFE1ED4B4C04CD63334BA5A9ABCCE217 BaseClass: NativeClass:/Script/Engine.StaticMeshActor Name:StaticMeshActor_22 Label:SM_QuarterCylinder13 SpatiallyLoaded:1 Bounds:IsValid=true, Min=(X=2100.000 Y=580.000 Z=1640.000), Max=(X=2300.000 Y=780.000 Z=1840.000) RuntimeGrid:None EditorOnly:0 RuntimeOnly:0 HLODRelevant:1 FolderPath:Cylinder FolderGuid:D6369CCE49EF0A8CFA563EB18825ED72
 |   |   |- Guid:BFF40DC54060ECA463EF50B98F267298 BaseClass:/Game/Blueprints/BP_AICharacter.BP_AICharacter_C NativeClass:/Script/MSc_Game.AICharacter Name:BP_AICharacter_C_UAID_A036BCA832662F8301_1917097774 Label:BP_AICharacter9 SpatiallyLoaded:1 Bounds:IsValid=true, Min=(X=1437.255 Y=-998.924 Z=1462.000), Max=(X=1679.277 Y=-506.173 Z=1962.000) RuntimeGrid:None EditorOnly:0 RuntimeOnly:0 HLODRelevant:0 FolderPath:Characters FolderGuid:389DF15748D6FB6FECD80D8631A106FA
 |   |   |- Guid:C01693764E4FCD2C0365EBBA7FAFCFAA BaseClass: NativeClass:/Script/Engine.StaticMeshActor Name:StaticMeshActor_14 Label:SM_QuarterCylinder SpatiallyLoaded:1 Bounds:IsValid=true, Min=(X=623.396 Y=-1070.883 Z=1640.000), Max=(X=764.279 Y=-930.000 Z=1840.000) RuntimeGrid:None EditorOnly:0 RuntimeOnly:0 HLODRelevant:1 FolderPath:Block04 FolderGuid:1671883140CA233343B73BBD9D365381
 |   |   |- Guid:C1109CDE44E1D9D5C25166B8558AB791 BaseClass: NativeClass:/Script/Engine.StaticMeshActor Name:StaticMeshActor_15 Label:SM_QuarterCylinder2 SpatiallyLoaded:1 Bounds:IsValid=true, Min=(X=750.000 Y=-1056.603 Z=1640.000), Max=(X=886.603 Y=-920.000 Z=1840.000) RuntimeGrid:None EditorOnly:0 RuntimeOnly:0 HLODRelevant:1 FolderPath:Block04 FolderGuid:1671883140CA233343B73BBD9D365381
 |   |   |- Guid:C3396C8B492E3A148F603881B2C7314A BaseClass: NativeClass:/Script/Engine.StaticMeshActor Name:StaticMeshActor_23 Label:SM_QuarterCylinder14 SpatiallyLoaded:1 Bounds:IsValid=true, Min=(X=2300.000 Y=580.000 Z=1640.000), Max=(X=2500.000 Y=780.000 Z=1840.000) RuntimeGrid:None EditorOnly:0 RuntimeOnly:0 HLODRelevant:1 FolderPath:Cylinder FolderGuid:D6369CCE49EF0A8CFA563EB18825ED72
 |   |   |- Guid:C6058A214043C609B8174C9CF0A0E9FA BaseClass: NativeClass:/Script/Engine.PointLight Name:PointLight_UAID_C85B76DFB41E1F4D01_1598069928 Label:PointLight SpatiallyLoaded:1 Bounds:IsValid=true, Min=(X=-6100.000 Y=-1700.000 Z=530.000), Max=(X=-4100.000 Y=300.000 Z=2530.000) RuntimeGrid:None EditorOnly:0 RuntimeOnly:0 HLODRelevant:0 FolderPath:Lighting FolderGuid:D9E1224C415FCB205E4105B3245ADAAB
 |   |   |- Guid:C83193A44B35A6269065368937C6CA58 BaseClass: NativeClass:/Script/Engine.StaticMeshActor Name:StaticMeshActor_24 Label:SM_ChamferCube4 SpatiallyLoaded:1 Bounds:IsValid=true, Min=(X=654.338 Y=-1815.662 Z=2320.063), Max=(X=865.662 Y=-1604.338 Z=2470.063) RuntimeGrid:None EditorOnly:0 RuntimeOnly:0 HLODRelevant:0 FolderPath:SimulatedCubes FolderGuid:3E37B3AC41F495FF33672D878D9DD948
 |   |   |- Guid:C94113E34F64C205CF161482D17BED09 BaseClass: NativeClass:/Script/Engine.StaticMeshActor Name:StaticMeshActor_9 Label:SM_Cube8 SpatiallyLoaded:1 Bounds:IsValid=true, Min=(X=200.000 Y=-2137.066 Z=1640.000), Max=(X=1235.485 Y=-1200.187 Z=1840.000) RuntimeGrid:None EditorOnly:0 RuntimeOnly:0 HLODRelevant:1 FolderPath:Block04 FolderGuid:1671883140CA233343B73BBD9D365381
 |   |   |- Guid:CBE9C31E462D8F9A0C9AD595F91AEA84 BaseClass: NativeClass:/Script/Engine.StaticMeshActor Name:StaticMeshActor_44 Label:SM_ChamferCube2 SpatiallyLoaded:1 Bounds:IsValid=true, Min=(X=514.987 Y=-343.163 Z=2120.013), Max=(X=643.158 Y=-214.992 Z=2220.013) RuntimeGrid:None EditorOnly:0 RuntimeOnly:0 HLODRelevant:0 FolderPath:SimulatedCubes FolderGuid:3E37B3AC41F495FF33672D878D9DD948
 |   |   |- Guid:CD63E8F54C80F5B0646B39AA2A57AB54 BaseClass: NativeClass:/Script/Engine.StaticMeshActor Name:StaticMeshActor_37 Label:SM_ChamferCube10 SpatiallyLoaded:1 Bounds:IsValid=true, Min=(X=1139.330 Y=299.199 Z=1930.013), Max=(X=1275.933 Y=435.801 Z=2030.013) RuntimeGrid:None EditorOnly:0 RuntimeOnly:0 HLODRelevant:0 FolderPath:SimulatedCubes FolderGuid:3E37B3AC41F495FF33672D878D9DD948
 |   |   |- Guid:CDC290334FAA2557343A1181CA8C7F4B BaseClass: NativeClass:/Script/Engine.StaticMeshActor Name:StaticMeshActor_2 Label:SM_Cube2 SpatiallyLoaded:1 Bounds:IsValid=true, Min=(X=-2840.000 Y=-3030.000 Z=1640.000), Max=(X=6560.000 Y=-2930.000 Z=2040.000) RuntimeGrid:None EditorOnly:0 RuntimeOnly:0 HLODRelevant:1 FolderPath:Playground FolderGuid:CDC3EA2D424DF73175D386948543BF31
 |   |   |- Guid:D74EA2D3428353E171169B8217CAA427 BaseClass:/Game/Blueprints/BP_AICharacter.BP_AICharacter_C NativeClass:/Script/MSc_Game.AICharacter Name:BP_AICharacter_C_UAID_A036BCA832662F8301_1611662768 Label:BP_AICharacter3 SpatiallyLoaded:1 Bounds:IsValid=true, Min=(X=2322.451 Y=-2268.921 Z=1462.000), Max=(X=2602.110 Y=-1834.909 Z=1962.000) RuntimeGrid:None EditorOnly:0 RuntimeOnly:0 HLODRelevant:0 FolderPath:Characters FolderGuid:389DF15748D6FB6FECD80D8631A106FA
 |   |   |- Guid:DCA520434139010B85E89E846066DFAF BaseClass: NativeClass:/Script/Engine.StaticMeshActor Name:StaticMeshActor_1 Label:SM_ChamferCube SpatiallyLoaded:1 Bounds:IsValid=true, Min=(X=1091.699 Y=-288.301 Z=2200.013), Max=(X=1228.301 Y=-151.699 Z=2300.013) RuntimeGrid:None EditorOnly:0 RuntimeOnly:0 HLODRelevant:0 FolderPath:SimulatedCubes FolderGuid:3E37B3AC41F495FF33672D878D9DD948
 |   |   |- Guid:DD4EB535471011EC3F3D6091E12DEBEB BaseClass:/Game/Blueprints/BP_AICharacter.BP_AICharacter_C NativeClass:/Script/MSc_Game.AICharacter Name:BP_AICharacter_C_UAID_A036BCA832662F8301_1893270773 Label:BP_AICharacter8 SpatiallyLoaded:1 Bounds:IsValid=true, Min=(X=-325.091 Y=722.451 Z=1462.000), Max=(X=108.921 Y=1002.110 Z=1962.000) RuntimeGrid:None EditorOnly:0 RuntimeOnly:0 HLODRelevant:0 FolderPath:Characters FolderGuid:389DF15748D6FB6FECD80D8631A106FA
 |   |   |- Guid:EE86EAAC4E5C9776978688BE7E96F154 BaseClass: NativeClass:/Script/Engine.StaticMeshActor Name:StaticMeshActor_43 Label:SM_ChamferCube16 SpatiallyLoaded:1 Bounds:IsValid=true, Min=(X=2480.411 Y=-1432.629 Z=2440.013), Max=(X=2580.411 Y=-1332.629 Z=2540.013) RuntimeGrid:None EditorOnly:0 RuntimeOnly:0 HLODRelevant:0 FolderPath:SimulatedCubes FolderGuid:3E37B3AC41F495FF33672D878D9DD948
 |   |   |- Guid:EF151180445C0B3F37588580CC840D1D BaseClass: NativeClass:/Script/Engine.StaticMeshActor Name:StaticMeshActor_45 Label:SM_ChamferCube17 SpatiallyLoaded:1 Bounds:IsValid=true, Min=(X=514.319 Y=184.901 Z=2020.013), Max=(X=642.491 Y=313.073 Z=2120.013) RuntimeGrid:None EditorOnly:0 RuntimeOnly:0 HLODRelevant:0 FolderPath:SimulatedCubes FolderGuid:3E37B3AC41F495FF33672D878D9DD948
 |   |   |- Guid:FA70CE5E4C5FA2EB68F9A98B90AF1862 BaseClass:/Game/Blueprints/BP_EndLine.BP_EndLine_C NativeClass:/Script/MSc_Game.EndLine Name:BP_EndLine_C_UAID_A036BCA832662E8301_1821840591 Label:BP_EndLine SpatiallyLoaded:1 Bounds:IsValid=true, Min=(X=6157.000 Y=-753.000 Z=1640.000), Max=(X=6199.242 Y=-660.000 Z=1842.000) RuntimeGrid:None EditorOnly:0 RuntimeOnly:0 HLODRelevant:0
 |   |   |- Guid:FC90DA2844FC1BA3BB11BBB7B0F38A9A BaseClass: NativeClass:/Script/Engine.StaticMeshActor Name:StaticMeshActor_19 Label:SM_Cube13 SpatiallyLoaded:1 Bounds:IsValid=true, Min=(X=650.000 Y=-800.000 Z=1640.000), Max=(X=750.000 Y=-700.000 Z=1840.000) RuntimeGrid:None EditorOnly:0 RuntimeOnly:0 HLODRelevant:1 FolderPath:Block03 FolderGuid:EED76D7B47CF3E1440F359A1FAC3309E
 |   |- [+] Clusters:
 |   |   |- [+] [  0]
 |   |   |   |- Guid:8DB6E7264339F17149C350BAAAD12B37 BaseClass: NativeClass:/Script/Engine.StaticMeshActor Name:StaticMeshActor_13 Label:SM_Cube11 SpatiallyLoaded:1 Bounds:IsValid=true, Min=(X=227.164 Y=230.000 Z=1640.000), Max=(X=879.627 Y=845.486 Z=1840.000) RuntimeGrid:None EditorOnly:0 RuntimeOnly:0 HLODRelevant:1 FolderPath:Block03 FolderGuid:EED76D7B47CF3E1440F359A1FAC3309E
 |   |   |- [+] [  1]
 |   |   |   |- Guid:8DC9085B48888A70B9B853B915B851AF BaseClass: NativeClass:/Script/Engine.StaticMeshActor Name:StaticMeshActor_26 Label:SM_QuarterCylinder7 SpatiallyLoaded:1 Bounds:IsValid=true, Min=(X=755.798 Y=-460.000 Z=1640.000), Max=(X=883.969 Y=-331.829 Z=1840.000) RuntimeGrid:None EditorOnly:0 RuntimeOnly:0 HLODRelevant:1 FolderPath:Block03 FolderGuid:EED76D7B47CF3E1440F359A1FAC3309E
 |   |   |- [+] [  2]
 |   |   |   |- Guid:B326783D46A6A43F55CCC9AB2A4C1863 BaseClass: NativeClass:/Script/Engine.VolumetricCloud Name:VolumetricCloud_0 Label:VolumetricCloud SpatiallyLoaded:0 Bounds:IsValid=true, Min=(X=0.000 Y=0.000 Z=820.000), Max=(X=0.000 Y=0.000 Z=820.000) RuntimeGrid:None EditorOnly:0 RuntimeOnly:0 HLODRelevant:0 FolderPath:Lighting FolderGuid:D9E1224C415FCB205E4105B3245ADAAB
 |   |   |- [+] [  3]
 |   |   |   |- Guid:EF151180445C0B3F37588580CC840D1D BaseClass: NativeClass:/Script/Engine.StaticMeshActor Name:StaticMeshActor_45 Label:SM_ChamferCube17 SpatiallyLoaded:1 Bounds:IsValid=true, Min=(X=514.319 Y=184.901 Z=2020.013), Max=(X=642.491 Y=313.073 Z=2120.013) RuntimeGrid:None EditorOnly:0 RuntimeOnly:0 HLODRelevant:0 FolderPath:SimulatedCubes FolderGuid:3E37B3AC41F495FF33672D878D9DD948
 |   |   |- [+] [  4]
 |   |   |   |- Guid:75854521468783C291995A8EFCB63F1B BaseClass: NativeClass:/Script/Engine.StaticMeshActor Name:StaticMeshActor_7 Label:SM_Cube5 SpatiallyLoaded:1 Bounds:IsValid=true, Min=(X=-2830.000 Y=-2930.000 Z=1640.000), Max=(X=-2730.000 Y=1390.000 Z=2040.000) RuntimeGrid:None EditorOnly:0 RuntimeOnly:0 HLODRelevant:1 FolderPath:Playground FolderGuid:CDC3EA2D424DF73175D386948543BF31
 |   |   |- [+] [  5]
 |   |   |   |- Guid:B96D792F49D1781B2CCBC296053DF329 BaseClass: NativeClass:/Script/Engine.StaticMeshActor Name:StaticMeshActor_25 Label:SM_ChamferCube5 SpatiallyLoaded:1 Bounds:IsValid=true, Min=(X=1765.431 Y=-1702.457 Z=2390.063), Max=(X=1976.756 Y=-1491.132 Z=2540.063) RuntimeGrid:None EditorOnly:0 RuntimeOnly:0 HLODRelevant:0 FolderPath:SimulatedCubes FolderGuid:3E37B3AC41F495FF33672D878D9DD948
 |   |   |- [+] [  6]
 |   |   |   |- Guid:3E03AECD492F372DF0EF1FA189C1DEDA BaseClass: NativeClass:/Script/Engine.StaticMeshActor Name:StaticMeshActor_12 Label:SM_Cube10 SpatiallyLoaded:1 Bounds:IsValid=true, Min=(X=1745.000 Y=-1760.000 Z=1740.000), Max=(X=1845.000 Y=-1560.000 Z=1840.000) RuntimeGrid:None EditorOnly:0 RuntimeOnly:0 HLODRelevant:1 FolderPath:Block01 FolderGuid:3EF5C57D40A467440F5F0D9398D8AC70
 |   |   |- [+] [  7]
 |   |   |   |- Guid:C3396C8B492E3A148F603881B2C7314A BaseClass: NativeClass:/Script/Engine.StaticMeshActor Name:StaticMeshActor_23 Label:SM_QuarterCylinder14 SpatiallyLoaded:1 Bounds:IsValid=true, Min=(X=2300.000 Y=580.000 Z=1640.000), Max=(X=2500.000 Y=780.000 Z=1840.000) RuntimeGrid:None EditorOnly:0 RuntimeOnly:0 HLODRelevant:1 FolderPath:Cylinder FolderGuid:D6369CCE49EF0A8CFA563EB18825ED72
 |   |   |- [+] [  8]
 |   |   |   |- Guid:3AE20ADB41F450F1E99EA7A1B45D4E6F BaseClass: NativeClass:/Script/Engine.StaticMeshActor Name:StaticMeshActor_40 Label:SM_ChamferCube13 SpatiallyLoaded:1 Bounds:IsValid=true, Min=(X=440.297 Y=-1165.432 Z=2560.013), Max=(X=581.180 Y=-1024.549 Z=2660.013) RuntimeGrid:None EditorOnly:0 RuntimeOnly:0 HLODRelevant:0 FolderPath:SimulatedCubes FolderGuid:3E37B3AC41F495FF33672D878D9DD948
 |   |   |- [+] [  9]
 |   |   |   |- Guid:0482E0744625192B32AFA882C0C1417D BaseClass: NativeClass:/Script/Engine.StaticMeshActor Name:StaticMeshActor_6 Label:SM_ChamferCube3 SpatiallyLoaded:1 Bounds:IsValid=true, Min=(X=2097.548 Y=-2012.452 Z=2560.063), Max=(X=2302.452 Y=-1807.548 Z=2710.063) RuntimeGrid:None EditorOnly:0 RuntimeOnly:0 HLODRelevant:0 FolderPath:SimulatedCubes FolderGuid:3E37B3AC41F495FF33672D878D9DD948
 |   |   |- [+] [ 10]
 |   |   |   |- Guid:52E74DF94E9EECAF9464C1BCB5227CCC BaseClass: NativeClass:/Script/Engine.StaticMeshActor Name:StaticMeshActor_3 Label:SM_Cube3 SpatiallyLoaded:1 Bounds:IsValid=true, Min=(X=-2820.000 Y=1290.000 Z=1660.000), Max=(X=6580.000 Y=1390.000 Z=2060.000) RuntimeGrid:None EditorOnly:0 RuntimeOnly:0 HLODRelevant:1 FolderPath:Playground FolderGuid:CDC3EA2D424DF73175D386948543BF31
 |   |   |- [+] [ 11]
 |   |   |   |- Guid:DCA520434139010B85E89E846066DFAF BaseClass: NativeClass:/Script/Engine.StaticMeshActor Name:StaticMeshActor_1 Label:SM_ChamferCube SpatiallyLoaded:1 Bounds:IsValid=true, Min=(X=1091.699 Y=-288.301 Z=2200.013), Max=(X=1228.301 Y=-151.699 Z=2300.013) RuntimeGrid:None EditorOnly:0 RuntimeOnly:0 HLODRelevant:0 FolderPath:SimulatedCubes FolderGuid:3E37B3AC41F495FF33672D878D9DD948
 |   |   |- [+] [ 12]
 |   |   |   |- Guid:16ED739D4160B0315F9149963D1D3D52 BaseClass: NativeClass:/Script/Engine.StaticMeshActor Name:StaticMeshActor_5 Label:SM_Ramp2 SpatiallyLoaded:1 Bounds:IsValid=true, Min=(X=307.701 Y=680.000 Z=1562.219), Max=(X=717.881 Y=1115.365 Z=1840.037) RuntimeGrid:None EditorOnly:0 RuntimeOnly:0 HLODRelevant:1 FolderPath:Block01 FolderGuid:3EF5C57D40A467440F5F0D9398D8AC70
 |   |   |- [+] [ 13]
 |   |   |   |- Guid:2ECB057E4FFD85FC34ADB0A59CFAF9F9 BaseClass:/Game/Blueprints/BP_AICharacter.BP_AICharacter_C NativeClass:/Script/MSc_Game.AICharacter Name:BP_AICharacter_C_UAID_A036BCA832666F7801_2076381415 Label:BP_AICharacter SpatiallyLoaded:1 Bounds:IsValid=true, Min=(X=4008.451 Y=-1027.785 Z=1462.000), Max=(X=4253.018 Y=-557.255 Z=1962.000) RuntimeGrid:None EditorOnly:0 RuntimeOnly:0 HLODRelevant:0 FolderPath:Characters FolderGuid:389DF15748D6FB6FECD80D8631A106FA
 |   |   |- [+] [ 14]
 |   |   |   |- Guid:8F1CB2D344FBCA46B23C6594C8F43B92 BaseClass: NativeClass:/Script/Engine.StaticMeshActor Name:StaticMeshActor_39 Label:SM_ChamferCube12 SpatiallyLoaded:1 Bounds:IsValid=true, Min=(X=1134.335 Y=-944.000 Z=2440.013), Max=(X=1275.218 Y=-803.116 Z=2540.013) RuntimeGrid:None EditorOnly:0 RuntimeOnly:0 HLODRelevant:0 FolderPath:SimulatedCubes FolderGuid:3E37B3AC41F495FF33672D878D9DD948
 |   |   |- [+] [ 15]
 |   |   |   |- Guid:902408B24403A7B3DA2315996494FA34 BaseClass: NativeClass:/Script/Engine.StaticMeshActor Name:StaticMeshActor_42 Label:SM_ChamferCube15 SpatiallyLoaded:1 Bounds:IsValid=true, Min=(X=2420.411 Y=-732.629 Z=2350.013), Max=(X=2520.411 Y=-632.629 Z=2450.013) RuntimeGrid:None EditorOnly:0 RuntimeOnly:0 HLODRelevant:0 FolderPath:SimulatedCubes FolderGuid:3E37B3AC41F495FF33672D878D9DD948
 |   |   |- [+] [ 16]
 |   |   |   |- Guid:873FD2CB464600B86580D4A27C04C81A BaseClass: NativeClass:/Script/Engine.LevelInstance Name:LevelInstance_UAID_C85B76DFB41E974C01_1652477991 Label:Firststage SpatiallyLoaded:1 Bounds:IsValid=true, Min=(X=-7530.000 Y=-6380.000 Z=-5410.000), Max=(X=10908.820 Y=11260.000 Z=5757.140) RuntimeGrid:None EditorOnly:0 RuntimeOnly:0 HLODRelevant:0
 |   |   |- [+] [ 17]
 |   |   |   |- Guid:C83193A44B35A6269065368937C6CA58 BaseClass: NativeClass:/Script/Engine.StaticMeshActor Name:StaticMeshActor_24 Label:SM_ChamferCube4 SpatiallyLoaded:1 Bounds:IsValid=true, Min=(X=654.338 Y=-1815.662 Z=2320.063), Max=(X=865.662 Y=-1604.338 Z=2470.063) RuntimeGrid:None EditorOnly:0 RuntimeOnly:0 HLODRelevant:0 FolderPath:SimulatedCubes FolderGuid:3E37B3AC41F495FF33672D878D9DD948
 |   |   |- [+] [ 18]
 |   |   |   |- Guid:C1109CDE44E1D9D5C25166B8558AB791 BaseClass: NativeClass:/Script/Engine.StaticMeshActor Name:StaticMeshActor_15 Label:SM_QuarterCylinder2 SpatiallyLoaded:1 Bounds:IsValid=true, Min=(X=750.000 Y=-1056.603 Z=1640.000), Max=(X=886.603 Y=-920.000 Z=1840.000) RuntimeGrid:None EditorOnly:0 RuntimeOnly:0 HLODRelevant:1 FolderPath:Block04 FolderGuid:1671883140CA233343B73BBD9D365381
 |   |   |- [+] [ 19]
 |   |   |   |- Guid:0635C40649DD1B5B6E64B9B392558833 BaseClass: NativeClass:/Script/Engine.StaticMeshActor Name:StaticMeshActor_33 Label:SM_ChamferCube8 SpatiallyLoaded:1 Bounds:IsValid=true, Min=(X=1363.116 Y=563.116 Z=1640.063), Max=(X=1536.884 Y=736.884 Z=1790.063) RuntimeGrid:None EditorOnly:0 RuntimeOnly:0 HLODRelevant:0 FolderPath:SimulatedCubes FolderGuid:3E37B3AC41F495FF33672D878D9DD948
 |   |   |- [+] [ 20]
 |   |   |   |- Guid:36DA8D2C4B2585DD71BFF583CFB51CFA BaseClass: NativeClass:/Script/Engine.TextRenderActor Name:TextRenderActor_0 Label:MSc Dissertation 2023 SpatiallyLoaded:1 Bounds:IsValid=true, Min=(X=849.900 Y=-2340.000 Z=2470.013), Max=(X=2234.515 Y=-2340.000 Z=2770.013) RuntimeGrid:None EditorOnly:0 RuntimeOnly:0 HLODRelevant:0
 |   |   |- [+] [ 21]
 |   |   |   |- Guid:7A699BF944F9DAC273FB4FAD2236D7F8 BaseClass: NativeClass:/Script/Engine.SkyLight Name:SkyLight_0 Label:SkyLight SpatiallyLoaded:0 Bounds:IsValid=true, Min=(X=0.000 Y=0.000 Z=690.000), Max=(X=0.000 Y=0.000 Z=690.000) RuntimeGrid:None EditorOnly:0 RuntimeOnly:0 HLODRelevant:0 FolderPath:Lighting FolderGuid:D9E1224C415FCB205E4105B3245ADAAB
 |   |   |- [+] [ 22]
 |   |   |   |- Guid:27E6C605415908F1A2EE54974FAF1E36 BaseClass: NativeClass:/Script/Engine.StaticMeshActor Name:StaticMeshActor_11 Label:SM_Ramp3 SpatiallyLoaded:1 Bounds:IsValid=true, Min=(X=1825.000 Y=-1760.000 Z=1672.541), Max=(X=2236.288 Y=-1560.000 Z=1840.481) RuntimeGrid:None EditorOnly:0 RuntimeOnly:0 HLODRelevant:1 FolderPath:Block01 FolderGuid:3EF5C57D40A467440F5F0D9398D8AC70
 |   |   |- [+] [ 23]
 |   |   |   |- Guid:9A39EDC343C77468C5DF1A8AAB2BE1AD BaseClass: NativeClass:/Script/Engine.StaticMeshActor Name:StaticMeshActor_34 Label:SM_Ramp4 SpatiallyLoaded:1 Bounds:IsValid=true, Min=(X=135.721 Y=-2213.671 Z=1640.000), Max=(X=1042.649 Y=-1430.000 Z=1840.000) RuntimeGrid:None EditorOnly:0 RuntimeOnly:0 HLODRelevant:1 FolderPath:Block04 FolderGuid:1671883140CA233343B73BBD9D365381
 |   |   |- [+] [ 24]
 |   |   |   |- Guid:9B4A79B644F54A33C8FE0CBBA4859949 BaseClass: NativeClass:/Script/Engine.StaticMeshActor Name:StaticMeshActor_4 Label:SM_Cube4 SpatiallyLoaded:1 Bounds:IsValid=true, Min=(X=1745.000 Y=-1560.000 Z=1640.000), Max=(X=2345.000 Y=-1060.000 Z=1840.000) RuntimeGrid:None EditorOnly:0 RuntimeOnly:0 HLODRelevant:1 FolderPath:Block01 FolderGuid:3EF5C57D40A467440F5F0D9398D8AC70
 |   |   |- [+] [ 25]
 |   |   |   |- Guid:BDEA84604C934642275CFC81EFA1A90E BaseClass: NativeClass:/Script/Engine.StaticMeshActor Name:StaticMeshActor_17 Label:SM_QuarterCylinder4 SpatiallyLoaded:1 Bounds:IsValid=true, Min=(X=496.031 Y=-1028.171 Z=1640.000), Max=(X=624.202 Y=-900.000 Z=1840.000) RuntimeGrid:None EditorOnly:0 RuntimeOnly:0 HLODRelevant:1 FolderPath:Block03 FolderGuid:EED76D7B47CF3E1440F359A1FAC3309E
 |   |   |- [+] [ 26]
 |   |   |   |- Guid:1AD0648D47C79CDBBFC4B889BA3235AD BaseClass: NativeClass:/Script/Engine.StaticMeshActor Name:StaticMeshActor_21 Label:SM_QuarterCylinder12 SpatiallyLoaded:1 Bounds:IsValid=true, Min=(X=2100.000 Y=780.000 Z=1640.000), Max=(X=2300.000 Y=980.000 Z=1840.000) RuntimeGrid:None EditorOnly:0 RuntimeOnly:0 HLODRelevant:1 FolderPath:Cylinder FolderGuid:D6369CCE49EF0A8CFA563EB18825ED72
 |   |   |- [+] [ 27]
 |   |   |   |- Guid:BFE1ED4B4C04CD63334BA5A9ABCCE217 BaseClass: NativeClass:/Script/Engine.StaticMeshActor Name:StaticMeshActor_22 Label:SM_QuarterCylinder13 SpatiallyLoaded:1 Bounds:IsValid=true, Min=(X=2100.000 Y=580.000 Z=1640.000), Max=(X=2300.000 Y=780.000 Z=1840.000) RuntimeGrid:None EditorOnly:0 RuntimeOnly:0 HLODRelevant:1 FolderPath:Cylinder FolderGuid:D6369CCE49EF0A8CFA563EB18825ED72
 |   |   |- [+] [ 28]
 |   |   |   |- Guid:FA70CE5E4C5FA2EB68F9A98B90AF1862 BaseClass:/Game/Blueprints/BP_EndLine.BP_EndLine_C NativeClass:/Script/MSc_Game.EndLine Name:BP_EndLine_C_UAID_A036BCA832662E8301_1821840591 Label:BP_EndLine SpatiallyLoaded:1 Bounds:IsValid=true, Min=(X=6157.000 Y=-753.000 Z=1640.000), Max=(X=6199.242 Y=-660.000 Z=1842.000) RuntimeGrid:None EditorOnly:0 RuntimeOnly:0 HLODRelevant:0
 |   |   |- [+] [ 29]
 |   |   |   |- Guid:EE86EAAC4E5C9776978688BE7E96F154 BaseClass: NativeClass:/Script/Engine.StaticMeshActor Name:StaticMeshActor_43 Label:SM_ChamferCube16 SpatiallyLoaded:1 Bounds:IsValid=true, Min=(X=2480.411 Y=-1432.629 Z=2440.013), Max=(X=2580.411 Y=-1332.629 Z=2540.013) RuntimeGrid:None EditorOnly:0 RuntimeOnly:0 HLODRelevant:0 FolderPath:SimulatedCubes FolderGuid:3E37B3AC41F495FF33672D878D9DD948
 |   |   |- [+] [ 30]
 |   |   |   |- Guid:CDC290334FAA2557343A1181CA8C7F4B BaseClass: NativeClass:/Script/Engine.StaticMeshActor Name:StaticMeshActor_2 Label:SM_Cube2 SpatiallyLoaded:1 Bounds:IsValid=true, Min=(X=-2840.000 Y=-3030.000 Z=1640.000), Max=(X=6560.000 Y=-2930.000 Z=2040.000) RuntimeGrid:None EditorOnly:0 RuntimeOnly:0 HLODRelevant:1 FolderPath:Playground FolderGuid:CDC3EA2D424DF73175D386948543BF31
 |   |   |- [+] [ 31]
 |   |   |   |- Guid:9FC0E5A04B5C426BD8398396952183D3 BaseClass: NativeClass:/Script/Engine.StaticMeshActor Name:StaticMeshActor_0 Label:SM_Cube SpatiallyLoaded:1 Bounds:IsValid=true, Min=(X=-2830.000 Y=-3030.000 Z=1590.000), Max=(X=6570.000 Y=1395.000 Z=1640.000) RuntimeGrid:None EditorOnly:0 RuntimeOnly:0 HLODRelevant:1 FolderPath:Playground FolderGuid:CDC3EA2D424DF73175D386948543BF31
 |   |   |- [+] [ 32]
 |   |   |   |- Guid:A6C6AB114396B4B6AE5CEBB416930A56 BaseClass: NativeClass:/Script/Engine.StaticMeshActor Name:StaticMeshActor_30 Label:SM_QuarterCylinder9 SpatiallyLoaded:1 Bounds:IsValid=true, Min=(X=1700.000 Y=-480.000 Z=1650.000), Max=(X=1800.000 Y=-380.000 Z=1850.000) RuntimeGrid:None EditorOnly:0 RuntimeOnly:0 HLODRelevant:1 FolderPath:Block02 FolderGuid:DEBAF5964E47F6C0EEA7BB9F700AB405
 |   |   |- [+] [ 33]
 |   |   |   |- Guid:44F8F21D453B2046F1D986AD81798F12 BaseClass: NativeClass:/Script/Engine.StaticMeshActor Name:StaticMeshActor_41 Label:SM_ChamferCube14 SpatiallyLoaded:1 Bounds:IsValid=true, Min=(X=1850.411 Y=-1157.629 Z=2510.013), Max=(X=1950.411 Y=-1057.629 Z=2610.013) RuntimeGrid:None EditorOnly:0 RuntimeOnly:0 HLODRelevant:0 FolderPath:SimulatedCubes FolderGuid:3E37B3AC41F495FF33672D878D9DD948
 |   |   |- [+] [ 34]
 |   |   |   |- Guid:CBE9C31E462D8F9A0C9AD595F91AEA84 BaseClass: NativeClass:/Script/Engine.StaticMeshActor Name:StaticMeshActor_44 Label:SM_ChamferCube2 SpatiallyLoaded:1 Bounds:IsValid=true, Min=(X=514.987 Y=-343.163 Z=2120.013), Max=(X=643.158 Y=-214.992 Z=2220.013) RuntimeGrid:None EditorOnly:0 RuntimeOnly:0 HLODRelevant:0 FolderPath:SimulatedCubes FolderGuid:3E37B3AC41F495FF33672D878D9DD948
 |   |   |- [+] [ 35]
 |   |   |   |- Guid:C01693764E4FCD2C0365EBBA7FAFCFAA BaseClass: NativeClass:/Script/Engine.StaticMeshActor Name:StaticMeshActor_14 Label:SM_QuarterCylinder SpatiallyLoaded:1 Bounds:IsValid=true, Min=(X=623.396 Y=-1070.883 Z=1640.000), Max=(X=764.279 Y=-930.000 Z=1840.000) RuntimeGrid:None EditorOnly:0 RuntimeOnly:0 HLODRelevant:1 FolderPath:Block04 FolderGuid:1671883140CA233343B73BBD9D365381
 |   |   |- [+] [ 36]
 |   |   |   |- Guid:266836F144FA2767EA2991A084FC7C51 BaseClass: NativeClass:/Script/Engine.StaticMeshActor Name:StaticMeshActor_8 Label:SM_Cube6 SpatiallyLoaded:1 Bounds:IsValid=true, Min=(X=6470.000 Y=-3020.000 Z=1640.000), Max=(X=6570.000 Y=1380.000 Z=2040.000) RuntimeGrid:None EditorOnly:0 RuntimeOnly:0 HLODRelevant:1 FolderPath:Playground FolderGuid:CDC3EA2D424DF73175D386948543BF31
 |   |   |- [+] [ 37]
 |   |   |   |- Guid:09D09F0E47E479EEB812029DAF672204 BaseClass: NativeClass:/Script/Engine.StaticMeshActor Name:StaticMeshActor_46 Label:SM_ChamferCube18 SpatiallyLoaded:1 Bounds:IsValid=true, Min=(X=913.798 Y=128.520 Z=2000.013), Max=(X=1041.969 Y=256.691 Z=2100.013) RuntimeGrid:None EditorOnly:0 RuntimeOnly:0 HLODRelevant:0 FolderPath:SimulatedCubes FolderGuid:3E37B3AC41F495FF33672D878D9DD948
 |   |   |- [+] [ 38]
 |   |   |   |- Guid:A5FCDC664219DC8AAD6D739ADEF9C627 BaseClass: NativeClass:/Script/Engine.PlayerStart Name:PlayerStart_0 Label:PlayerStart SpatiallyLoaded:0 Bounds:IsValid=true, Min=(X=-2320.000 Y=-460.000 Z=1840.013), Max=(X=-2240.000 Y=-380.000 Z=2024.013) RuntimeGrid:None EditorOnly:0 RuntimeOnly:0 HLODRelevant:0
 |   |   |- [+] [ 39]
 |   |   |   |- Guid:4DE3CD2F48B4038CA629008DF7804DA4 BaseClass: NativeClass:/Script/Engine.StaticMeshActor Name:StaticMeshActor_18 Label:SM_QuarterCylinder5 SpatiallyLoaded:1 Bounds:IsValid=true, Min=(X=483.397 Y=-440.000 Z=1640.000), Max=(X=620.000 Y=-303.397 Z=1840.000) RuntimeGrid:None EditorOnly:0 RuntimeOnly:0 HLODRelevant:1 FolderPath:Block03 FolderGuid:EED76D7B47CF3E1440F359A1FAC3309E
 |   |   |- [+] [ 40]
 |   |   |   |- Guid:FC90DA2844FC1BA3BB11BBB7B0F38A9A BaseClass: NativeClass:/Script/Engine.StaticMeshActor Name:StaticMeshActor_19 Label:SM_Cube13 SpatiallyLoaded:1 Bounds:IsValid=true, Min=(X=650.000 Y=-800.000 Z=1640.000), Max=(X=750.000 Y=-700.000 Z=1840.000) RuntimeGrid:None EditorOnly:0 RuntimeOnly:0 HLODRelevant:1 FolderPath:Block03 FolderGuid:EED76D7B47CF3E1440F359A1FAC3309E
 |   |   |- [+] [ 41]
 |   |   |   |- Guid:67AF28334B1DECF39B2B08AC61E95805 BaseClass: NativeClass:/Script/Engine.StaticMeshActor Name:StaticMeshActor_32 Label:SM_Cube16 SpatiallyLoaded:1 Bounds:IsValid=true, Min=(X=1700.000 Y=-380.000 Z=1650.000), Max=(X=1800.000 Y=-280.000 Z=1850.000) RuntimeGrid:None EditorOnly:0 RuntimeOnly:0 HLODRelevant:1 FolderPath:Block02 FolderGuid:DEBAF5964E47F6C0EEA7BB9F700AB405
 |   |   |- [+] [ 42]
 |   |   |   |- Guid:79599D7C4FAEDB9F068EA3B957603F53 BaseClass: NativeClass:/Script/Engine.StaticMeshActor Name:StaticMeshActor_31 Label:SM_QuarterCylinder10 SpatiallyLoaded:1 Bounds:IsValid=true, Min=(X=1700.000 Y=-280.000 Z=1650.000), Max=(X=1800.000 Y=-180.000 Z=1850.000) RuntimeGrid:None EditorOnly:0 RuntimeOnly:0 HLODRelevant:1 FolderPath:Block02 FolderGuid:DEBAF5964E47F6C0EEA7BB9F700AB405
 |   |   |- [+] [ 43]
 |   |   |   |- Guid:B6F47C254C7BD4D53F5A7BBF28CE9894 BaseClass: NativeClass:/Script/Engine.StaticMeshActor Name:StaticMeshActor_16 Label:SM_Cube12 SpatiallyLoaded:1 Bounds:IsValid=true, Min=(X=1200.000 Y=-1270.000 Z=1640.000), Max=(X=1300.000 Y=-1170.000 Z=1840.000) RuntimeGrid:None EditorOnly:0 RuntimeOnly:0 HLODRelevant:1 FolderPath:Block04 FolderGuid:1671883140CA233343B73BBD9D365381
 |   |   |- [+] [ 44]
 |   |   |   |- Guid:CD63E8F54C80F5B0646B39AA2A57AB54 BaseClass: NativeClass:/Script/Engine.StaticMeshActor Name:StaticMeshActor_37 Label:SM_ChamferCube10 SpatiallyLoaded:1 Bounds:IsValid=true, Min=(X=1139.330 Y=299.199 Z=1930.013), Max=(X=1275.933 Y=435.801 Z=2030.013) RuntimeGrid:None EditorOnly:0 RuntimeOnly:0 HLODRelevant:0 FolderPath:SimulatedCubes FolderGuid:3E37B3AC41F495FF33672D878D9DD948
 |   |   |- [+] [ 45]
 |   |   |   |- Guid:97FF78FB4EC8F13EF6751DB180B1CE46 BaseClass: NativeClass:/Script/Engine.DirectionalLight Name:DirectionalLight_0 Label:DirectionalLight SpatiallyLoaded:0 Bounds:IsValid=true, Min=(X=-4398046511104.000 Y=-4398046511104.000 Z=-4398046511104.000), Max=(X=4398046511104.000 Y=4398046511104.000 Z=4398046511104.000) RuntimeGrid:None EditorOnly:0 RuntimeOnly:0 HLODRelevant:0 FolderPath:Lighting FolderGuid:D9E1224C415FCB205E4105B3245ADAAB
 |   |   |- [+] [ 46]
 |   |   |   |- Guid:6BA9F8ED462024EB6CFFB38740F530B7 BaseClass: NativeClass:/Script/Engine.StaticMeshActor Name:StaticMeshActor_35 Label:SM_Ramp5 SpatiallyLoaded:1 Bounds:IsValid=true, Min=(X=1800.000 Y=-180.000 Z=1650.000), Max=(X=2900.000 Y=-80.000 Z=1850.000) RuntimeGrid:None EditorOnly:0 RuntimeOnly:0 HLODRelevant:1 FolderPath:Block02 FolderGuid:DEBAF5964E47F6C0EEA7BB9F700AB405
 |   |   |- [+] [ 47]
 |   |   |   |- Guid:63A84EA944945A8BF01D4A94FDD5C8E4 BaseClass: NativeClass:/Script/Engine.StaticMeshActor Name:StaticMeshActor_10 Label:SM_Cube9 SpatiallyLoaded:1 Bounds:IsValid=true, Min=(X=3011.000 Y=-1760.000 Z=1613.054), Max=(X=3711.447 Y=-1560.000 Z=1902.126) RuntimeGrid:None EditorOnly:0 RuntimeOnly:0 HLODRelevant:1 FolderPath:Block01 FolderGuid:3EF5C57D40A467440F5F0D9398D8AC70
 |   |   |- [+] [ 48]
 |   |   |   |- Guid:7254C3414876BF4F9B9A42A6CA10EB17 BaseClass: NativeClass:/Script/Engine.StaticMeshActor Name:StaticMeshActor_28 Label:SM_Cube14 SpatiallyLoaded:1 Bounds:IsValid=true, Min=(X=650.000 Y=-700.000 Z=1640.000), Max=(X=750.000 Y=-600.000 Z=1840.000) RuntimeGrid:None EditorOnly:0 RuntimeOnly:0 HLODRelevant:1 FolderPath:Block03 FolderGuid:EED76D7B47CF3E1440F359A1FAC3309E
 |   |   |- [+] [ 49]
 |   |   |   |- Guid:39E992554188A2F7407AA2AF65BFB1EB BaseClass:/Engine/EngineSky/BP_Sky_Sphere.BP_Sky_Sphere_C NativeClass:/Script/Engine.Actor Name:BP_Sky_Sphere_C_UAID_C85B76DFB41EED6301_2028591416 Label:BP_Sky_Sphere2 SpatiallyLoaded:0 Bounds:IsValid=true, Min=(X=-1637110.000 Y=-1635960.000 Z=-1638400.000), Max=(X=1639690.000 Y=1640840.000 Z=1638400.000) RuntimeGrid:None EditorOnly:0 RuntimeOnly:0 HLODRelevant:0
 |   |   |- [+] [ 50]
 |   |   |   |- Guid:68414E884A2DFD77B973679D4D7B7DC8 BaseClass: NativeClass:/Script/Foliage.InstancedFoliageActor Name:InstancedFoliageActor_25600_0_0_0 Label:InstancedFoliageActor_0_0_0 SpatiallyLoaded:1 Bounds:IsValid=true, Min=(X=0.000 Y=0.000 Z=0.000), Max=(X=25600.000 Y=25600.000 Z=25600.000) RuntimeGrid:None EditorOnly:0 RuntimeOnly:0 HLODRelevant:1
 |   |   |- [+] [ 51]
 |   |   |   |- Guid:89BD2B584901CC36ABEF55B6F6BB2F67 BaseClass: NativeClass:/Script/Engine.StaticMeshActor Name:StaticMeshActor_27 Label:SM_QuarterCylinder8 SpatiallyLoaded:1 Bounds:IsValid=true, Min=(X=615.721 Y=-430.000 Z=1640.000), Max=(X=756.604 Y=-289.117 Z=1840.000) RuntimeGrid:None EditorOnly:0 RuntimeOnly:0 HLODRelevant:1 FolderPath:Block03 FolderGuid:EED76D7B47CF3E1440F359A1FAC3309E
 |   |   |- [+] [ 52]
 |   |   |   |- Guid:88D1957648249294C60E2F98A5BA851A BaseClass: NativeClass:/Script/Engine.StaticMeshActor Name:StaticMeshActor_36 Label:SM_ChamferCube9 SpatiallyLoaded:1 Bounds:IsValid=true, Min=(X=1631.292 Y=329.199 Z=2030.013), Max=(X=1767.894 Y=465.801 Z=2130.013) RuntimeGrid:None EditorOnly:0 RuntimeOnly:0 HLODRelevant:0 FolderPath:SimulatedCubes FolderGuid:3E37B3AC41F495FF33672D878D9DD948
 |   |   |- [+] [ 53]
 |   |   |   |- Guid:A47CA35549692063DBDEBFADE3843E16 BaseClass: NativeClass:/Script/Engine.StaticMeshActor Name:StaticMeshActor_38 Label:SM_ChamferCube11 SpatiallyLoaded:1 Bounds:IsValid=true, Min=(X=1812.430 Y=-830.079 Z=2310.013), Max=(X=1953.313 Y=-689.196 Z=2410.013) RuntimeGrid:None EditorOnly:0 RuntimeOnly:0 HLODRelevant:0 FolderPath:SimulatedCubes FolderGuid:3E37B3AC41F495FF33672D878D9DD948
 |   |   |- [+] [ 54]
 |   |   |   |- Guid:87860DF442DA4E34C9A49FAC81C9C2BF BaseClass: NativeClass:/Script/Foliage.InstancedFoliageActor Name:InstancedFoliageActor_25600_0_-1_0 Label:InstancedFoliageActor_0_-1_0 SpatiallyLoaded:1 Bounds:IsValid=true, Min=(X=0.000 Y=-25600.000 Z=0.000), Max=(X=25600.000 Y=0.000 Z=25600.000) RuntimeGrid:None EditorOnly:0 RuntimeOnly:0 HLODRelevant:1
 |   |   |- [+] [ 55]
 |   |   |   |- Guid:416210044F8807AE27B83CAA205F302F BaseClass: NativeClass:/Script/Engine.StaticMeshActor Name:StaticMeshActor_29 Label:SM_Cube15 SpatiallyLoaded:1 Bounds:IsValid=true, Min=(X=1800.000 Y=-480.000 Z=1650.000), Max=(X=2900.000 Y=-180.000 Z=1850.000) RuntimeGrid:None EditorOnly:0 RuntimeOnly:0 HLODRelevant:1 FolderPath:Block02 FolderGuid:DEBAF5964E47F6C0EEA7BB9F700AB405
 |   |   |- [+] [ 56]
 |   |   |   |- Guid:22C4F1724348A3818BBA0A939CA01B63 BaseClass: NativeClass:/Script/Engine.WorldDataLayers Name:WorldDataLayers Label:WorldDataLayers-1 SpatiallyLoaded:0 Bounds:IsValid=true, Min=(X=0.000 Y=0.000 Z=0.000), Max=(X=0.000 Y=0.000 Z=0.000) RuntimeGrid:None EditorOnly:0 RuntimeOnly:0 HLODRelevant:0
 |   |   |- [+] [ 57]
 |   |   |   |- Guid:C6058A214043C609B8174C9CF0A0E9FA BaseClass: NativeClass:/Script/Engine.PointLight Name:PointLight_UAID_C85B76DFB41E1F4D01_1598069928 Label:PointLight SpatiallyLoaded:1 Bounds:IsValid=true, Min=(X=-6100.000 Y=-1700.000 Z=530.000), Max=(X=-4100.000 Y=300.000 Z=2530.000) RuntimeGrid:None EditorOnly:0 RuntimeOnly:0 HLODRelevant:0 FolderPath:Lighting FolderGuid:D9E1224C415FCB205E4105B3245ADAAB
 |   |   |- [+] [ 58]
 |   |   |   |- Guid:C94113E34F64C205CF161482D17BED09 BaseClass: NativeClass:/Script/Engine.StaticMeshActor Name:StaticMeshActor_9 Label:SM_Cube8 SpatiallyLoaded:1 Bounds:IsValid=true, Min=(X=200.000 Y=-2137.066 Z=1640.000), Max=(X=1235.485 Y=-1200.187 Z=1840.000) RuntimeGrid:None EditorOnly:0 RuntimeOnly:0 HLODRelevant:1 FolderPath:Block04 FolderGuid:1671883140CA233343B73BBD9D365381
 |   |   |- [+] [ 59]
 |   |   |   |- Guid:8EA8A3864CB9694DA428199AC421B524 BaseClass: NativeClass:/Script/Engine.StaticMeshActor Name:StaticMeshActor_20 Label:SM_QuarterCylinder11 SpatiallyLoaded:1 Bounds:IsValid=true, Min=(X=2100.000 Y=780.000 Z=1840.000), Max=(X=2300.000 Y=980.000 Z=2040.000) RuntimeGrid:None EditorOnly:0 RuntimeOnly:0 HLODRelevant:1 FolderPath:Cylinder FolderGuid:D6369CCE49EF0A8CFA563EB18825ED72
 |   |   |- [+] [ 60]
 |   |   |   |- Guid:4F78E4BA454FB687A2B628B48C3FB677 BaseClass:/Game/Blueprints/BP_AICharacter.BP_AICharacter_C NativeClass:/Script/MSc_Game.AICharacter Name:BP_AICharacter_C_UAID_A036BCA832662F8301_1599930767 Label:BP_AICharacter2 SpatiallyLoaded:1 Bounds:IsValid=true, Min=(X=2534.909 Y=682.451 Z=1462.000), Max=(X=2968.921 Y=962.110 Z=1962.000) RuntimeGrid:None EditorOnly:0 RuntimeOnly:0 HLODRelevant:0 FolderPath:Characters FolderGuid:389DF15748D6FB6FECD80D8631A106FA
 |   |   |- [+] [ 61]
 |   |   |   |- Guid:D74EA2D3428353E171169B8217CAA427 BaseClass:/Game/Blueprints/BP_AICharacter.BP_AICharacter_C NativeClass:/Script/MSc_Game.AICharacter Name:BP_AICharacter_C_UAID_A036BCA832662F8301_1611662768 Label:BP_AICharacter3 SpatiallyLoaded:1 Bounds:IsValid=true, Min=(X=2322.451 Y=-2268.921 Z=1462.000), Max=(X=2602.110 Y=-1834.909 Z=1962.000) RuntimeGrid:None EditorOnly:0 RuntimeOnly:0 HLODRelevant:0 FolderPath:Characters FolderGuid:389DF15748D6FB6FECD80D8631A106FA
 |   |   |- [+] [ 62]
 |   |   |   |- Guid:1CD14D1E44FFA7007DC1E9AB5E5D7500 BaseClass:/Game/Blueprints/BP_AICharacter.BP_AICharacter_C NativeClass:/Script/MSc_Game.AICharacter Name:BP_AICharacter_C_UAID_A036BCA832662F8301_1619395769 Label:BP_AICharacter4 SpatiallyLoaded:1 Bounds:IsValid=true, Min=(X=-1131.123 Y=-732.500 Z=1462.000), Max=(X=-899.000 Y=-232.500 Z=1962.000) RuntimeGrid:None EditorOnly:0 RuntimeOnly:0 HLODRelevant:0 FolderPath:Characters FolderGuid:389DF15748D6FB6FECD80D8631A106FA
 |   |   |- [+] [ 63]
 |   |   |   |- Guid:527D284745AD1A6E7FC0D2A8D77F2C20 BaseClass:/Game/Blueprints/BP_AICharacter.BP_AICharacter_C NativeClass:/Script/MSc_Game.AICharacter Name:BP_AICharacter_C_UAID_A036BCA832662F8301_1656968770 Label:BP_AICharacter5 SpatiallyLoaded:1 Bounds:IsValid=true, Min=(X=2657.255 Y=-998.924 Z=1462.000), Max=(X=2899.277 Y=-506.173 Z=1962.000) RuntimeGrid:None EditorOnly:0 RuntimeOnly:0 HLODRelevant:0 FolderPath:Characters FolderGuid:389DF15748D6FB6FECD80D8631A106FA
 |   |   |- [+] [ 64]
 |   |   |   |- Guid:BE62F5D64680549896D15092F34426C1 BaseClass:/Game/Blueprints/BP_AICharacter.BP_AICharacter_C NativeClass:/Script/MSc_Game.AICharacter Name:BP_AICharacter_C_UAID_A036BCA832662F8301_1675169772 Label:BP_AICharacter7 SpatiallyLoaded:1 Bounds:IsValid=true, Min=(X=752.451 Y=-2698.921 Z=1462.000), Max=(X=1032.110 Y=-2264.909 Z=1962.000) RuntimeGrid:None EditorOnly:0 RuntimeOnly:0 HLODRelevant:0 FolderPath:Characters FolderGuid:389DF15748D6FB6FECD80D8631A106FA
 |   |   |- [+] [ 65]
 |   |   |   |- Guid:DD4EB535471011EC3F3D6091E12DEBEB BaseClass:/Game/Blueprints/BP_AICharacter.BP_AICharacter_C NativeClass:/Script/MSc_Game.AICharacter Name:BP_AICharacter_C_UAID_A036BCA832662F8301_1893270773 Label:BP_AICharacter8 SpatiallyLoaded:1 Bounds:IsValid=true, Min=(X=-325.091 Y=722.451 Z=1462.000), Max=(X=108.921 Y=1002.110 Z=1962.000) RuntimeGrid:None EditorOnly:0 RuntimeOnly:0 HLODRelevant:0 FolderPath:Characters FolderGuid:389DF15748D6FB6FECD80D8631A106FA
 |   |   |- [+] [ 66]
 |   |   |   |- Guid:BFF40DC54060ECA463EF50B98F267298 BaseClass:/Game/Blueprints/BP_AICharacter.BP_AICharacter_C NativeClass:/Script/MSc_Game.AICharacter Name:BP_AICharacter_C_UAID_A036BCA832662F8301_1917097774 Label:BP_AICharacter9 SpatiallyLoaded:1 Bounds:IsValid=true, Min=(X=1437.255 Y=-998.924 Z=1462.000), Max=(X=1679.277 Y=-506.173 Z=1962.000) RuntimeGrid:None EditorOnly:0 RuntimeOnly:0 HLODRelevant:0 FolderPath:Characters FolderGuid:389DF15748D6FB6FECD80D8631A106FA
 |- ContainerInstances:
 |- [+] MainContainer:
 |   |-        ID: 0x0000000000000000
 |   |-    Bounds: IsValid=false, Min=(X=0.000 Y=0.000 Z=0.000), Max=(X=0.000 Y=0.000 Z=0.000)
 |   |- Transform: 0.000000,0.000000,0.000000|0.000000,0.000000,-0.000000|1.000000,1.000000,1.000000
 |   |- Container: /Game/FirstPerson/Maps/FirstPersonMap
----------------------------------------------------------------------------------------------------------------
FirstPersonMap - Persistent Level
----------------------------------------------------------------------------------------------------------------
Always loaded Actor Count: 90 

----------------------------------------------------------------------------------------------------------------
FirstPersonMap - Runtime Spatial Hash - Streaming Grid - MainGrid
----------------------------------------------------------------------------------------------------------------
            Origin: X=0.000 Y=0.000 Z=0.000
         Cell Size: 12800
      World Bounds: IsValid=false, Min=(X=0.000 Y=0.000 Z=0.000), Max=(X=0.000 Y=0.000 Z=0.000)
     Loading Range: 25600.00
Block Slow Loading: No
 ClientOnlyVisible: No

[+] Grid Levels: 1
 |- Level  0: Cell Count    0 | Cell Size   12800 | Actor Count    0 (0.0%)

[+] Content of Grid Level 0

